{"D:\\2025 Work\\SD\\New folder\\ConstitutionVaultDB\\routes\\books.js": {"path":"D:\\2025 Work\\SD\\New folder\\ConstitutionVaultDB\\routes\\books.js","statementMap":{"0":{"start":{"line":2,"column":16},"end":{"line":2,"column":34}},"1":{"start":{"line":3,"column":15},"end":{"line":3,"column":31}},"2":{"start":{"line":4,"column":24},"end":{"line":4,"column":40}},"3":{"start":{"line":7,"column":0},"end":{"line":16,"column":3}},"4":{"start":{"line":8,"column":2},"end":{"line":15,"column":3}},"5":{"start":{"line":9,"column":4},"end":{"line":9,"column":30}},"6":{"start":{"line":10,"column":19},"end":{"line":10,"column":84}},"7":{"start":{"line":11,"column":4},"end":{"line":11,"column":31}},"8":{"start":{"line":13,"column":4},"end":{"line":13,"column":48}},"9":{"start":{"line":14,"column":4},"end":{"line":14,"column":49}},"10":{"start":{"line":19,"column":0},"end":{"line":34,"column":3}},"11":{"start":{"line":20,"column":17},"end":{"line":20,"column":27}},"12":{"start":{"line":21,"column":2},"end":{"line":33,"column":3}},"13":{"start":{"line":22,"column":4},"end":{"line":22,"column":30}},"14":{"start":{"line":23,"column":19},"end":{"line":23,"column":84}},"15":{"start":{"line":24,"column":4},"end":{"line":24,"column":85}},"16":{"start":{"line":24,"column":39},"end":{"line":24,"column":85}},"17":{"start":{"line":26,"column":31},"end":{"line":26,"column":50}},"18":{"start":{"line":27,"column":4},"end":{"line":27,"column":75}},"19":{"start":{"line":28,"column":4},"end":{"line":28,"column":39}},"20":{"start":{"line":29,"column":4},"end":{"line":29,"column":23}},"21":{"start":{"line":31,"column":4},"end":{"line":31,"column":50}},"22":{"start":{"line":32,"column":4},"end":{"line":32,"column":56}},"23":{"start":{"line":39,"column":0},"end":{"line":49,"column":3}},"24":{"start":{"line":40,"column":17},"end":{"line":40,"column":27}},"25":{"start":{"line":41,"column":2},"end":{"line":48,"column":3}},"26":{"start":{"line":42,"column":4},"end":{"line":42,"column":30}},"27":{"start":{"line":43,"column":4},"end":{"line":43,"column":55}},"28":{"start":{"line":44,"column":4},"end":{"line":44,"column":30}},"29":{"start":{"line":46,"column":4},"end":{"line":46,"column":23}},"30":{"start":{"line":47,"column":4},"end":{"line":47,"column":51}},"31":{"start":{"line":52,"column":0},"end":{"line":52,"column":24}}},"fnMap":{"0":{"name":"(anonymous_0)","decl":{"start":{"line":7,"column":16},"end":{"line":7,"column":17}},"loc":{"start":{"line":7,"column":36},"end":{"line":16,"column":1}},"line":7},"1":{"name":"(anonymous_1)","decl":{"start":{"line":19,"column":28},"end":{"line":19,"column":29}},"loc":{"start":{"line":19,"column":48},"end":{"line":34,"column":1}},"line":19},"2":{"name":"(anonymous_2)","decl":{"start":{"line":39,"column":22},"end":{"line":39,"column":23}},"loc":{"start":{"line":39,"column":42},"end":{"line":49,"column":1}},"line":39}},"branchMap":{"0":{"loc":{"start":{"line":24,"column":4},"end":{"line":24,"column":85}},"type":"if","locations":[{"start":{"line":24,"column":4},"end":{"line":24,"column":85}},{"start":{},"end":{}}],"line":24}},"s":{"0":1,"1":1,"2":1,"3":1,"4":1,"5":1,"6":1,"7":1,"8":0,"9":0,"10":1,"11":1,"12":1,"13":1,"14":1,"15":1,"16":0,"17":1,"18":1,"19":1,"20":1,"21":0,"22":0,"23":1,"24":0,"25":0,"26":0,"27":0,"28":0,"29":0,"30":0,"31":1},"f":{"0":1,"1":1,"2":0},"b":{"0":[0,1]},"_coverageSchema":"1a1c01bbd47fc00a2c39e90264f33305004495a9","hash":"58ea1fa0c18c4531b250880648992da49f852b43"}
,"D:\\2025 Work\\SD\\New folder\\ConstitutionVaultDB\\routes\\upload.js": {"path":"D:\\2025 Work\\SD\\New folder\\ConstitutionVaultDB\\routes\\upload.js","statementMap":{"0":{"start":{"line":2,"column":16},"end":{"line":2,"column":34}},"1":{"start":{"line":3,"column":15},"end":{"line":3,"column":32}},"2":{"start":{"line":4,"column":15},"end":{"line":4,"column":31}},"3":{"start":{"line":5,"column":24},"end":{"line":5,"column":40}},"4":{"start":{"line":8,"column":15},"end":{"line":8,"column":58}},"5":{"start":{"line":10,"column":0},"end":{"line":29,"column":3}},"6":{"start":{"line":11,"column":42},"end":{"line":11,"column":50}},"7":{"start":{"line":12,"column":15},"end":{"line":12,"column":23}},"8":{"start":{"line":14,"column":2},"end":{"line":16,"column":3}},"9":{"start":{"line":15,"column":4},"end":{"line":15,"column":53}},"10":{"start":{"line":18,"column":2},"end":{"line":28,"column":3}},"11":{"start":{"line":19,"column":4},"end":{"line":19,"column":30}},"12":{"start":{"line":20,"column":4},"end":{"line":23,"column":6}},"13":{"start":{"line":24,"column":4},"end":{"line":24,"column":44}},"14":{"start":{"line":26,"column":4},"end":{"line":26,"column":41}},"15":{"start":{"line":27,"column":4},"end":{"line":27,"column":43}},"16":{"start":{"line":31,"column":0},"end":{"line":31,"column":24}}},"fnMap":{"0":{"name":"(anonymous_0)","decl":{"start":{"line":10,"column":44},"end":{"line":10,"column":45}},"loc":{"start":{"line":10,"column":64},"end":{"line":29,"column":1}},"line":10}},"branchMap":{"0":{"loc":{"start":{"line":14,"column":2},"end":{"line":16,"column":3}},"type":"if","locations":[{"start":{"line":14,"column":2},"end":{"line":16,"column":3}},{"start":{},"end":{}}],"line":14}},"s":{"0":1,"1":1,"2":1,"3":1,"4":1,"5":1,"6":1,"7":1,"8":1,"9":1,"10":0,"11":0,"12":0,"13":0,"14":0,"15":0,"16":1},"f":{"0":1},"b":{"0":[1,0]},"_coverageSchema":"1a1c01bbd47fc00a2c39e90264f33305004495a9","hash":"e7baf9561f840c888186111ddf47e204be920af4"}
}
